2023-07-13 00:04:14 - Paijo
2023-07-13 00:06:07 - Paijo
2023-07-13 00:08:47 - Paijo
2023-07-13 00:11:47 - Paijo
2023-07-24 18:54:02 - dhifa
2023-07-24 18:55:03 - dhifa
2023-07-24 18:57:30 - Paijo
2023-07-24 18:58:30 - dhifa
2023-07-24 18:59:38 - dhifa
2023-07-24 19:00:38 - dhifa
2023-07-24 19:03:17 - Paijo
2023-07-26 13:58:17 - kazi
2023-07-26 13:59:18 - kazi
2023-07-27 20:58:29 - Paijo
2023-07-27 21:03:39 - Paijo
2023-07-28 22:23:26 - Masuk kazi
2023-07-28 22:30:16 - Keluar kazi
2023-07-30 11:56:03 - dhifa
2023-07-30 11:56:06 - dhifa
2023-07-30 11:56:09 - dhifa
2023-07-30 11:56:13 - dhifa
2023-07-30 11:56:16 - dhifa
2023-07-30 11:56:19 - dhifa
2023-07-30 11:56:23 - dhifa
2023-07-30 11:56:28 - dhifa
2023-07-30 11:56:31 - Paijo
2023-07-30 11:56:34 - dhifa
2023-07-30 11:56:37 - dhifa
2023-07-30 11:59:32 - in - kazi
2023-07-30 11:59:35 - in - Paijo
2023-07-30 11:59:38 - in - kazi
2023-07-30 11:59:41 - in - kazi
2023-07-30 11:59:45 - in - kazi
2023-07-30 12:00:00 - out - Paijo
2023-07-30 12:00:03 - out - Paijo
2023-07-30 12:00:07 - out - Paijo
2023-07-30 12:09:07 - in - Paijo
2023-07-30 12:09:11 - in - kazi
2023-07-30 12:09:14 - in - Paijo
2023-07-30 12:09:17 - out - Paijo
2023-07-30 12:09:20 - out - Paijo
2023-07-30 12:09:29 - out - Paijo
2023-07-30 12:09:32 - out - Paijo
2023-07-30 12:09:35 - in - kazi
2023-07-30 12:09:38 - in - kazi
2023-07-30 12:09:42 - in - kazi
2023-07-30 12:09:45 - in - kazi
2023-07-30 12:12:45 - in - kazi
2023-07-30 12:13:56 - in - kazi
2023-07-30 12:19:04 - out - kazi
2023-07-30 12:19:15 - out - kazi
2023-07-30 12:19:26 - out - kazi
2023-07-30 12:19:36 - out - kazi
2023-07-30 12:19:47 - out - kazi
